modules/expo-hand-tracker/android/build/intermediates/manifest_merge_blame_file/debug/processDebugManifest/manifest-merger-blame-debug-report.txt
1<?xml version="1.0" encoding="utf-8"?>
2<manifest xmlns:android="http://schemas.android.com/apk/res/android"
3    package="expo.modules.handtracker" >
4
5    <uses-sdk android:minSdkVersion="24" />
6
7    <uses-permission android:name="android.permission.CAMERA" />
7-->src\main\AndroidManifest.xml:2:3-63
7-->src\main\AndroidManifest.xml:2:20-60
8
9    <uses-feature
9-->src\main\AndroidManifest.xml:3:3-83
10        android:name="android.hardware.camera"
10-->src\main\AndroidManifest.xml:3:17-55
11        android:required="false" />
11-->src\main\AndroidManifest.xml:3:56-80
12
13</manifest>